  AnimationController.cpp
  AnimationSystem.cpp
  BackEnd.cpp
  BloomEffect.cpp
  Camera.cpp
  CameraSystem.cpp
  ECS.cpp
  EffectManager.cpp
  EntityIdentifier.cpp
  Framebuffer.cpp
  Game.cpp
D:\School\March-27-P-Body-\SpriteLib3.0-ExampleProject\Game.cpp(126,21): warning C4244:  '=': conversion from 'float' to 'int', possible loss of data
D:\School\March-27-P-Body-\SpriteLib3.0-ExampleProject\Game.cpp(285,48): warning C4244:  'argument': conversion from 'double' to 'float', possible loss of data
D:\School\March-27-P-Body-\SpriteLib3.0-ExampleProject\Game.cpp(302,14): warning C4553:  '==': result of expression not used; did you intend '='?
  GrainEffect.cpp
  GreyscaleEffect.cpp
  Ground.cpp
  HorizontalScroll.cpp
  ExampleBaseScene.cpp
D:\School\March-27-P-Body-\SpriteLib3.0-ExampleProject\Game.cpp(671,48): warning C4244:  'argument': conversion from 'double' to 'float', possible loss of data
D:\School\March-27-P-Body-\SpriteLib3.0-ExampleProject\ExampleBaseScene.cpp(107,68): warning C4244:  'argument': conversion from 'double' to 'int', possible loss of data
D:\School\March-27-P-Body-\SpriteLib3.0-ExampleProject\ExampleBaseScene.cpp(107,60): warning C4244:  'argument': conversion from 'double' to 'int', possible loss of data
D:\School\March-27-P-Body-\SpriteLib3.0-ExampleProject\ExampleBaseScene.cpp(129,38): warning C4312:  'type cast': conversion from 'unsigned int' to 'void *' of greater size
D:\School\March-27-P-Body-\SpriteLib3.0-ExampleProject\ExampleBaseScene.cpp(177,38): warning C4312:  'type cast': conversion from 'unsigned int' to 'void *' of greater size
D:\School\March-27-P-Body-\SpriteLib3.0-ExampleProject\ExampleBaseScene.cpp(203,82): warning C4244:  'argument': conversion from 'double' to 'int', possible loss of data
D:\School\March-27-P-Body-\SpriteLib3.0-ExampleProject\ExampleBaseScene.cpp(203,72): warning C4244:  'argument': conversion from 'double' to 'int', possible loss of data
D:\School\March-27-P-Body-\SpriteLib3.0-ExampleProject\ExampleBaseScene.cpp(224,84): warning C4244:  'argument': conversion from 'double' to 'int', possible loss of data
D:\School\March-27-P-Body-\SpriteLib3.0-ExampleProject\ExampleBaseScene.cpp(224,73): warning C4244:  'argument': conversion from 'double' to 'int', possible loss of data
D:\School\March-27-P-Body-\SpriteLib3.0-ExampleProject\ExampleBaseScene.cpp(279,73): warning C4244:  'argument': conversion from 'double' to 'int', possible loss of data
D:\School\March-27-P-Body-\SpriteLib3.0-ExampleProject\ExampleBaseScene.cpp(279,63): warning C4244:  'argument': conversion from 'double' to 'int', possible loss of data
D:\School\March-27-P-Body-\SpriteLib3.0-ExampleProject\ExampleBaseScene.cpp(462,40): warning C4312:  'type cast': conversion from 'unsigned int' to 'void *' of greater size
D:\School\March-27-P-Body-\SpriteLib3.0-ExampleProject\ExampleBaseScene.cpp(504,38): warning C4312:  'type cast': conversion from 'unsigned int' to 'void *' of greater size
D:\School\March-27-P-Body-\SpriteLib3.0-ExampleProject\ExampleBaseScene.cpp(544,39): warning C4312:  'type cast': conversion from 'unsigned int' to 'void *' of greater size
D:\School\March-27-P-Body-\SpriteLib3.0-ExampleProject\ExampleBaseScene.cpp(584,39): warning C4312:  'type cast': conversion from 'unsigned int' to 'void *' of greater size
D:\School\March-27-P-Body-\SpriteLib3.0-ExampleProject\ExampleBaseScene.cpp(624,39): warning C4312:  'type cast': conversion from 'unsigned int' to 'void *' of greater size
D:\School\March-27-P-Body-\SpriteLib3.0-ExampleProject\ExampleBaseScene.cpp(664,39): warning C4312:  'type cast': conversion from 'unsigned int' to 'void *' of greater size
D:\School\March-27-P-Body-\SpriteLib3.0-ExampleProject\ExampleBaseScene.cpp(704,39): warning C4312:  'type cast': conversion from 'unsigned int' to 'void *' of greater size
D:\School\March-27-P-Body-\SpriteLib3.0-ExampleProject\ExampleBaseScene.cpp(744,39): warning C4312:  'type cast': conversion from 'unsigned int' to 'void *' of greater size
D:\School\March-27-P-Body-\SpriteLib3.0-ExampleProject\ExampleBaseScene.cpp(784,39): warning C4312:  'type cast': conversion from 'unsigned int' to 'void *' of greater size
D:\School\March-27-P-Body-\SpriteLib3.0-ExampleProject\ExampleBaseScene.cpp(824,39): warning C4312:  'type cast': conversion from 'unsigned int' to 'void *' of greater size
D:\School\March-27-P-Body-\SpriteLib3.0-ExampleProject\ExampleBaseScene.cpp(848,59): warning C4244:  'argument': conversion from 'double' to 'int', possible loss of data
D:\School\March-27-P-Body-\SpriteLib3.0-ExampleProject\ExampleBaseScene.cpp(864,39): warning C4312:  'type cast': conversion from 'unsigned int' to 'void *' of greater size
D:\School\March-27-P-Body-\SpriteLib3.0-ExampleProject\ExampleBaseScene.cpp(904,39): warning C4312:  'type cast': conversion from 'unsigned int' to 'void *' of greater size
D:\School\March-27-P-Body-\SpriteLib3.0-ExampleProject\ExampleBaseScene.cpp(928,59): warning C4244:  'argument': conversion from 'double' to 'int', possible loss of data
D:\School\March-27-P-Body-\SpriteLib3.0-ExampleProject\ExampleBaseScene.cpp(944,39): warning C4312:  'type cast': conversion from 'unsigned int' to 'void *' of greater size
D:\School\March-27-P-Body-\SpriteLib3.0-ExampleProject\ExampleBaseScene.cpp(984,39): warning C4312:  'type cast': conversion from 'unsigned int' to 'void *' of greater size
D:\School\March-27-P-Body-\SpriteLib3.0-ExampleProject\ExampleBaseScene.cpp(1024,39): warning C4312:  'type cast': conversion from 'unsigned int' to 'void *' of greater size
D:\School\March-27-P-Body-\SpriteLib3.0-ExampleProject\ExampleBaseScene.cpp(1064,39): warning C4312:  'type cast': conversion from 'unsigned int' to 'void *' of greater size
D:\School\March-27-P-Body-\SpriteLib3.0-ExampleProject\ExampleBaseScene.cpp(1104,39): warning C4312:  'type cast': conversion from 'unsigned int' to 'void *' of greater size
D:\School\March-27-P-Body-\SpriteLib3.0-ExampleProject\ExampleBaseScene.cpp(1144,39): warning C4312:  'type cast': conversion from 'unsigned int' to 'void *' of greater size
D:\School\March-27-P-Body-\SpriteLib3.0-ExampleProject\ExampleBaseScene.cpp(1168,65): warning C4244:  'argument': conversion from 'double' to 'int', possible loss of data
D:\School\March-27-P-Body-\SpriteLib3.0-ExampleProject\ExampleBaseScene.cpp(1168,59): warning C4244:  'argument': conversion from 'double' to 'int', possible loss of data
D:\School\March-27-P-Body-\SpriteLib3.0-ExampleProject\ExampleBaseScene.cpp(1184,39): warning C4312:  'type cast': conversion from 'unsigned int' to 'void *' of greater size
D:\School\March-27-P-Body-\SpriteLib3.0-ExampleProject\ExampleBaseScene.cpp(1224,39): warning C4312:  'type cast': conversion from 'unsigned int' to 'void *' of greater size
D:\School\March-27-P-Body-\SpriteLib3.0-ExampleProject\ExampleBaseScene.cpp(1248,65): warning C4244:  'argument': conversion from 'double' to 'int', possible loss of data
D:\School\March-27-P-Body-\SpriteLib3.0-ExampleProject\ExampleBaseScene.cpp(1248,59): warning C4244:  'argument': conversion from 'double' to 'int', possible loss of data
D:\School\March-27-P-Body-\SpriteLib3.0-ExampleProject\ExampleBaseScene.cpp(1264,39): warning C4312:  'type cast': conversion from 'unsigned int' to 'void *' of greater size
D:\School\March-27-P-Body-\SpriteLib3.0-ExampleProject\ExampleBaseScene.cpp(1304,39): warning C4312:  'type cast': conversion from 'unsigned int' to 'void *' of greater size
D:\School\March-27-P-Body-\SpriteLib3.0-ExampleProject\ExampleBaseScene.cpp(1328,65): warning C4244:  'argument': conversion from 'double' to 'int', possible loss of data
D:\School\March-27-P-Body-\SpriteLib3.0-ExampleProject\ExampleBaseScene.cpp(1328,59): warning C4244:  'argument': conversion from 'double' to 'int', possible loss of data
D:\School\March-27-P-Body-\SpriteLib3.0-ExampleProject\ExampleBaseScene.cpp(1344,39): warning C4312:  'type cast': conversion from 'unsigned int' to 'void *' of greater size
D:\School\March-27-P-Body-\SpriteLib3.0-ExampleProject\ExampleBaseScene.cpp(1384,39): warning C4312:  'type cast': conversion from 'unsigned int' to 'void *' of greater size
D:\School\March-27-P-Body-\SpriteLib3.0-ExampleProject\ExampleBaseScene.cpp(1424,39): warning C4312:  'type cast': conversion from 'unsigned int' to 'void *' of greater size
D:\School\March-27-P-Body-\SpriteLib3.0-ExampleProject\ExampleBaseScene.cpp(1464,39): warning C4312:  'type cast': conversion from 'unsigned int' to 'void *' of greater size
D:\School\March-27-P-Body-\SpriteLib3.0-ExampleProject\ExampleBaseScene.cpp(1488,59): warning C4244:  'argument': conversion from 'double' to 'int', possible loss of data
D:\School\March-27-P-Body-\SpriteLib3.0-ExampleProject\ExampleBaseScene.cpp(1504,39): warning C4312:  'type cast': conversion from 'unsigned int' to 'void *' of greater size
D:\School\March-27-P-Body-\SpriteLib3.0-ExampleProject\ExampleBaseScene.cpp(1544,39): warning C4312:  'type cast': conversion from 'unsigned int' to 'void *' of greater size
D:\School\March-27-P-Body-\SpriteLib3.0-ExampleProject\ExampleBaseScene.cpp(1568,59): warning C4244:  'argument': conversion from 'double' to 'int', possible loss of data
D:\School\March-27-P-Body-\SpriteLib3.0-ExampleProject\ExampleBaseScene.cpp(1584,39): warning C4312:  'type cast': conversion from 'unsigned int' to 'void *' of greater size
D:\School\March-27-P-Body-\SpriteLib3.0-ExampleProject\ExampleBaseScene.cpp(1608,59): warning C4244:  'argument': conversion from 'double' to 'int', possible loss of data
D:\School\March-27-P-Body-\SpriteLib3.0-ExampleProject\ExampleBaseScene.cpp(1624,39): warning C4312:  'type cast': conversion from 'unsigned int' to 'void *' of greater size
D:\School\March-27-P-Body-\SpriteLib3.0-ExampleProject\ExampleBaseScene.cpp(1648,59): warning C4244:  'argument': conversion from 'double' to 'int', possible loss of data
D:\School\March-27-P-Body-\SpriteLib3.0-ExampleProject\ExampleBaseScene.cpp(1664,39): warning C4312:  'type cast': conversion from 'unsigned int' to 'void *' of greater size
D:\School\March-27-P-Body-\SpriteLib3.0-ExampleProject\ExampleBaseScene.cpp(1689,59): warning C4244:  'argument': conversion from 'double' to 'int', possible loss of data
D:\School\March-27-P-Body-\SpriteLib3.0-ExampleProject\ExampleBaseScene.cpp(1705,39): warning C4312:  'type cast': conversion from 'unsigned int' to 'void *' of greater size
D:\School\March-27-P-Body-\SpriteLib3.0-ExampleProject\ExampleBaseScene.cpp(1729,65): warning C4244:  'argument': conversion from 'double' to 'int', possible loss of data
D:\School\March-27-P-Body-\SpriteLib3.0-ExampleProject\ExampleBaseScene.cpp(1729,59): warning C4244:  'argument': conversion from 'double' to 'int', possible loss of data
D:\School\March-27-P-Body-\SpriteLib3.0-ExampleProject\ExampleBaseScene.cpp(1745,39): warning C4312:  'type cast': conversion from 'unsigned int' to 'void *' of greater size
D:\School\March-27-P-Body-\SpriteLib3.0-ExampleProject\ExampleBaseScene.cpp(1785,39): warning C4312:  'type cast': conversion from 'unsigned int' to 'void *' of greater size
D:\School\March-27-P-Body-\SpriteLib3.0-ExampleProject\ExampleBaseScene.cpp(1825,39): warning C4312:  'type cast': conversion from 'unsigned int' to 'void *' of greater size
D:\School\March-27-P-Body-\SpriteLib3.0-ExampleProject\ExampleBaseScene.cpp(1865,39): warning C4312:  'type cast': conversion from 'unsigned int' to 'void *' of greater size
D:\School\March-27-P-Body-\SpriteLib3.0-ExampleProject\ExampleBaseScene.cpp(1905,39): warning C4312:  'type cast': conversion from 'unsigned int' to 'void *' of greater size
D:\School\March-27-P-Body-\SpriteLib3.0-ExampleProject\ExampleBaseScene.cpp(1945,39): warning C4312:  'type cast': conversion from 'unsigned int' to 'void *' of greater size
D:\School\March-27-P-Body-\SpriteLib3.0-ExampleProject\ExampleBaseScene.cpp(1984,39): warning C4312:  'type cast': conversion from 'unsigned int' to 'void *' of greater size
D:\School\March-27-P-Body-\SpriteLib3.0-ExampleProject\ExampleBaseScene.cpp(2024,39): warning C4312:  'type cast': conversion from 'unsigned int' to 'void *' of greater size
D:\School\March-27-P-Body-\SpriteLib3.0-ExampleProject\ExampleBaseScene.cpp(2064,39): warning C4312:  'type cast': conversion from 'unsigned int' to 'void *' of greater size
D:\School\March-27-P-Body-\SpriteLib3.0-ExampleProject\ExampleBaseScene.cpp(2104,39): warning C4312:  'type cast': conversion from 'unsigned int' to 'void *' of greater size
D:\School\March-27-P-Body-\SpriteLib3.0-ExampleProject\ExampleBaseScene.cpp(2144,39): warning C4312:  'type cast': conversion from 'unsigned int' to 'void *' of greater size
D:\School\March-27-P-Body-\SpriteLib3.0-ExampleProject\ExampleBaseScene.cpp(2184,39): warning C4312:  'type cast': conversion from 'unsigned int' to 'void *' of greater size
D:\School\March-27-P-Body-\SpriteLib3.0-ExampleProject\ExampleBaseScene.cpp(2208,63): warning C4244:  'argument': conversion from 'double' to 'int', possible loss of data
D:\School\March-27-P-Body-\SpriteLib3.0-ExampleProject\ExampleBaseScene.cpp(2224,39): warning C4312:  'type cast': conversion from 'unsigned int' to 'void *' of greater size
D:\School\March-27-P-Body-\SpriteLib3.0-ExampleProject\ExampleBaseScene.cpp(2248,63): warning C4244:  'argument': conversion from 'double' to 'int', possible loss of data
D:\School\March-27-P-Body-\SpriteLib3.0-ExampleProject\ExampleBaseScene.cpp(2264,39): warning C4312:  'type cast': conversion from 'unsigned int' to 'void *' of greater size
D:\School\March-27-P-Body-\SpriteLib3.0-ExampleProject\ExampleBaseScene.cpp(2288,63): warning C4244:  'argument': conversion from 'double' to 'int', possible loss of data
D:\School\March-27-P-Body-\SpriteLib3.0-ExampleProject\ExampleBaseScene.cpp(2304,39): warning C4312:  'type cast': conversion from 'unsigned int' to 'void *' of greater size
D:\School\March-27-P-Body-\SpriteLib3.0-ExampleProject\ExampleBaseScene.cpp(2328,63): warning C4244:  'argument': conversion from 'double' to 'int', possible loss of data
D:\School\March-27-P-Body-\SpriteLib3.0-ExampleProject\ExampleBaseScene.cpp(2344,39): warning C4312:  'type cast': conversion from 'unsigned int' to 'void *' of greater size
D:\School\March-27-P-Body-\SpriteLib3.0-ExampleProject\ExampleBaseScene.cpp(2385,39): warning C4312:  'type cast': conversion from 'unsigned int' to 'void *' of greater size
D:\School\March-27-P-Body-\SpriteLib3.0-ExampleProject\ExampleBaseScene.cpp(2425,39): warning C4312:  'type cast': conversion from 'unsigned int' to 'void *' of greater size
D:\School\March-27-P-Body-\SpriteLib3.0-ExampleProject\ExampleBaseScene.cpp(2465,39): warning C4312:  'type cast': conversion from 'unsigned int' to 'void *' of greater size
D:\School\March-27-P-Body-\SpriteLib3.0-ExampleProject\ExampleBaseScene.cpp(2505,39): warning C4312:  'type cast': conversion from 'unsigned int' to 'void *' of greater size
D:\School\March-27-P-Body-\SpriteLib3.0-ExampleProject\ExampleBaseScene.cpp(2546,39): warning C4312:  'type cast': conversion from 'unsigned int' to 'void *' of greater size
D:\School\March-27-P-Body-\SpriteLib3.0-ExampleProject\ExampleBaseScene.cpp(2586,39): warning C4312:  'type cast': conversion from 'unsigned int' to 'void *' of greater size
D:\School\March-27-P-Body-\SpriteLib3.0-ExampleProject\ExampleBaseScene.cpp(2627,39): warning C4312:  'type cast': conversion from 'unsigned int' to 'void *' of greater size
D:\School\March-27-P-Body-\SpriteLib3.0-ExampleProject\ExampleBaseScene.cpp(2667,39): warning C4312:  'type cast': conversion from 'unsigned int' to 'void *' of greater size
D:\School\March-27-P-Body-\SpriteLib3.0-ExampleProject\ExampleBaseScene.cpp(2707,39): warning C4312:  'type cast': conversion from 'unsigned int' to 'void *' of greater size
D:\School\March-27-P-Body-\SpriteLib3.0-ExampleProject\ExampleBaseScene.cpp(2747,39): warning C4312:  'type cast': conversion from 'unsigned int' to 'void *' of greater size
D:\School\March-27-P-Body-\SpriteLib3.0-ExampleProject\ExampleBaseScene.cpp(2787,39): warning C4312:  'type cast': conversion from 'unsigned int' to 'void *' of greater size
D:\School\March-27-P-Body-\SpriteLib3.0-ExampleProject\ExampleBaseScene.cpp(2827,39): warning C4312:  'type cast': conversion from 'unsigned int' to 'void *' of greater size
D:\School\March-27-P-Body-\SpriteLib3.0-ExampleProject\ExampleBaseScene.cpp(2867,39): warning C4312:  'type cast': conversion from 'unsigned int' to 'void *' of greater size
D:\School\March-27-P-Body-\SpriteLib3.0-ExampleProject\ExampleBaseScene.cpp(2907,39): warning C4312:  'type cast': conversion from 'unsigned int' to 'void *' of greater size
D:\School\March-27-P-Body-\SpriteLib3.0-ExampleProject\ExampleBaseScene.cpp(2947,39): warning C4312:  'type cast': conversion from 'unsigned int' to 'void *' of greater size
D:\School\March-27-P-Body-\SpriteLib3.0-ExampleProject\ExampleBaseScene.cpp(2987,39): warning C4312:  'type cast': conversion from 'unsigned int' to 'void *' of greater size
D:\School\March-27-P-Body-\SpriteLib3.0-ExampleProject\ExampleBaseScene.cpp(3027,39): warning C4312:  'type cast': conversion from 'unsigned int' to 'void *' of greater size
D:\School\March-27-P-Body-\SpriteLib3.0-ExampleProject\ExampleBaseScene.cpp(3067,39): warning C4312:  'type cast': conversion from 'unsigned int' to 'void *' of greater size
D:\School\March-27-P-Body-\SpriteLib3.0-ExampleProject\ExampleBaseScene.cpp(3107,39): warning C4312:  'type cast': conversion from 'unsigned int' to 'void *' of greater size
D:\School\March-27-P-Body-\SpriteLib3.0-ExampleProject\ExampleBaseScene.cpp(3146,39): warning C4312:  'type cast': conversion from 'unsigned int' to 'void *' of greater size
D:\School\March-27-P-Body-\SpriteLib3.0-ExampleProject\ExampleBaseScene.cpp(3186,39): warning C4312:  'type cast': conversion from 'unsigned int' to 'void *' of greater size
D:\School\March-27-P-Body-\SpriteLib3.0-ExampleProject\ExampleBaseScene.cpp(3226,39): warning C4312:  'type cast': conversion from 'unsigned int' to 'void *' of greater size
D:\School\March-27-P-Body-\SpriteLib3.0-ExampleProject\ExampleBaseScene.cpp(3266,39): warning C4312:  'type cast': conversion from 'unsigned int' to 'void *' of greater size
D:\School\March-27-P-Body-\SpriteLib3.0-ExampleProject\ExampleBaseScene.cpp(3306,39): warning C4312:  'type cast': conversion from 'unsigned int' to 'void *' of greater size
D:\School\March-27-P-Body-\SpriteLib3.0-ExampleProject\ExampleBaseScene.cpp(3346,39): warning C4312:  'type cast': conversion from 'unsigned int' to 'void *' of greater size
D:\School\March-27-P-Body-\SpriteLib3.0-ExampleProject\ExampleBaseScene.cpp(3386,39): warning C4312:  'type cast': conversion from 'unsigned int' to 'void *' of greater size
D:\School\March-27-P-Body-\SpriteLib3.0-ExampleProject\ExampleBaseScene.cpp(3426,39): warning C4312:  'type cast': conversion from 'unsigned int' to 'void *' of greater size
D:\School\March-27-P-Body-\SpriteLib3.0-ExampleProject\ExampleBaseScene.cpp(3466,39): warning C4312:  'type cast': conversion from 'unsigned int' to 'void *' of greater size
D:\School\March-27-P-Body-\SpriteLib3.0-ExampleProject\ExampleBaseScene.cpp(3506,39): warning C4312:  'type cast': conversion from 'unsigned int' to 'void *' of greater size
D:\School\March-27-P-Body-\SpriteLib3.0-ExampleProject\ExampleBaseScene.cpp(3546,39): warning C4312:  'type cast': conversion from 'unsigned int' to 'void *' of greater size
D:\School\March-27-P-Body-\SpriteLib3.0-ExampleProject\ExampleBaseScene.cpp(3586,39): warning C4312:  'type cast': conversion from 'unsigned int' to 'void *' of greater size
D:\School\March-27-P-Body-\SpriteLib3.0-ExampleProject\ExampleBaseScene.cpp(3626,39): warning C4312:  'type cast': conversion from 'unsigned int' to 'void *' of greater size
D:\School\March-27-P-Body-\SpriteLib3.0-ExampleProject\ExampleBaseScene.cpp(3666,39): warning C4312:  'type cast': conversion from 'unsigned int' to 'void *' of greater size
D:\School\March-27-P-Body-\SpriteLib3.0-ExampleProject\ExampleBaseScene.cpp(3706,39): warning C4312:  'type cast': conversion from 'unsigned int' to 'void *' of greater size
D:\School\March-27-P-Body-\SpriteLib3.0-ExampleProject\ExampleBaseScene.cpp(3746,39): warning C4312:  'type cast': conversion from 'unsigned int' to 'void *' of greater size
D:\School\March-27-P-Body-\SpriteLib3.0-ExampleProject\ExampleBaseScene.cpp(3786,39): warning C4312:  'type cast': conversion from 'unsigned int' to 'void *' of greater size
D:\School\March-27-P-Body-\SpriteLib3.0-ExampleProject\ExampleBaseScene.cpp(3826,39): warning C4312:  'type cast': conversion from 'unsigned int' to 'void *' of greater size
D:\School\March-27-P-Body-\SpriteLib3.0-ExampleProject\ExampleBaseScene.cpp(3866,39): warning C4312:  'type cast': conversion from 'unsigned int' to 'void *' of greater size
D:\School\March-27-P-Body-\SpriteLib3.0-ExampleProject\ExampleBaseScene.cpp(3906,39): warning C4312:  'type cast': conversion from 'unsigned int' to 'void *' of greater size
D:\School\March-27-P-Body-\SpriteLib3.0-ExampleProject\ExampleBaseScene.cpp(3946,39): warning C4312:  'type cast': conversion from 'unsigned int' to 'void *' of greater size
D:\School\March-27-P-Body-\SpriteLib3.0-ExampleProject\ExampleBaseScene.cpp(3986,39): warning C4312:  'type cast': conversion from 'unsigned int' to 'void *' of greater size
D:\School\March-27-P-Body-\SpriteLib3.0-ExampleProject\ExampleBaseScene.cpp(4026,39): warning C4312:  'type cast': conversion from 'unsigned int' to 'void *' of greater size
D:\School\March-27-P-Body-\SpriteLib3.0-ExampleProject\ExampleBaseScene.cpp(4066,39): warning C4312:  'type cast': conversion from 'unsigned int' to 'void *' of greater size
D:\School\March-27-P-Body-\SpriteLib3.0-ExampleProject\ExampleBaseScene.cpp(4106,39): warning C4312:  'type cast': conversion from 'unsigned int' to 'void *' of greater size
D:\School\March-27-P-Body-\SpriteLib3.0-ExampleProject\ExampleBaseScene.cpp(4146,39): warning C4312:  'type cast': conversion from 'unsigned int' to 'void *' of greater size
D:\School\March-27-P-Body-\SpriteLib3.0-ExampleProject\ExampleBaseScene.cpp(4186,39): warning C4312:  'type cast': conversion from 'unsigned int' to 'void *' of greater size
D:\School\March-27-P-Body-\SpriteLib3.0-ExampleProject\ExampleBaseScene.cpp(4226,39): warning C4312:  'type cast': conversion from 'unsigned int' to 'void *' of greater size
D:\School\March-27-P-Body-\SpriteLib3.0-ExampleProject\ExampleBaseScene.cpp(4266,39): warning C4312:  'type cast': conversion from 'unsigned int' to 'void *' of greater size
D:\School\March-27-P-Body-\SpriteLib3.0-ExampleProject\ExampleBaseScene.cpp(4306,39): warning C4312:  'type cast': conversion from 'unsigned int' to 'void *' of greater size
D:\School\March-27-P-Body-\SpriteLib3.0-ExampleProject\ExampleBaseScene.cpp(4346,39): warning C4312:  'type cast': conversion from 'unsigned int' to 'void *' of greater size
D:\School\March-27-P-Body-\SpriteLib3.0-ExampleProject\ExampleBaseScene.cpp(4386,39): warning C4312:  'type cast': conversion from 'unsigned int' to 'void *' of greater size
D:\School\March-27-P-Body-\SpriteLib3.0-ExampleProject\ExampleBaseScene.cpp(4426,39): warning C4312:  'type cast': conversion from 'unsigned int' to 'void *' of greater size
D:\School\March-27-P-Body-\SpriteLib3.0-ExampleProject\ExampleBaseScene.cpp(4466,39): warning C4312:  'type cast': conversion from 'unsigned int' to 'void *' of greater size
D:\School\March-27-P-Body-\SpriteLib3.0-ExampleProject\ExampleBaseScene.cpp(4506,39): warning C4312:  'type cast': conversion from 'unsigned int' to 'void *' of greater size
D:\School\March-27-P-Body-\SpriteLib3.0-ExampleProject\ExampleBaseScene.cpp(4546,39): warning C4312:  'type cast': conversion from 'unsigned int' to 'void *' of greater size
D:\School\March-27-P-Body-\SpriteLib3.0-ExampleProject\ExampleBaseScene.cpp(4586,39): warning C4312:  'type cast': conversion from 'unsigned int' to 'void *' of greater size
D:\School\March-27-P-Body-\SpriteLib3.0-ExampleProject\ExampleBaseScene.cpp(4626,39): warning C4312:  'type cast': conversion from 'unsigned int' to 'void *' of greater size
D:\School\March-27-P-Body-\SpriteLib3.0-ExampleProject\ExampleBaseScene.cpp(4666,39): warning C4312:  'type cast': conversion from 'unsigned int' to 'void *' of greater size
D:\School\March-27-P-Body-\SpriteLib3.0-ExampleProject\ExampleBaseScene.cpp(4706,39): warning C4312:  'type cast': conversion from 'unsigned int' to 'void *' of greater size
D:\School\March-27-P-Body-\SpriteLib3.0-ExampleProject\ExampleBaseScene.cpp(4746,39): warning C4312:  'type cast': conversion from 'unsigned int' to 'void *' of greater size
D:\School\March-27-P-Body-\SpriteLib3.0-ExampleProject\ExampleBaseScene.cpp(4786,39): warning C4312:  'type cast': conversion from 'unsigned int' to 'void *' of greater size
D:\School\March-27-P-Body-\SpriteLib3.0-ExampleProject\ExampleBaseScene.cpp(4826,39): warning C4312:  'type cast': conversion from 'unsigned int' to 'void *' of greater size
D:\School\March-27-P-Body-\SpriteLib3.0-ExampleProject\ExampleBaseScene.cpp(4866,39): warning C4312:  'type cast': conversion from 'unsigned int' to 'void *' of greater size
D:\School\March-27-P-Body-\SpriteLib3.0-ExampleProject\ExampleBaseScene.cpp(4906,39): warning C4312:  'type cast': conversion from 'unsigned int' to 'void *' of greater size
D:\School\March-27-P-Body-\SpriteLib3.0-ExampleProject\ExampleBaseScene.cpp(4946,39): warning C4312:  'type cast': conversion from 'unsigned int' to 'void *' of greater size
D:\School\March-27-P-Body-\SpriteLib3.0-ExampleProject\ExampleBaseScene.cpp(4990,39): warning C4312:  'type cast': conversion from 'unsigned int' to 'void *' of greater size
D:\School\March-27-P-Body-\SpriteLib3.0-ExampleProject\ExampleBaseScene.cpp(5030,39): warning C4312:  'type cast': conversion from 'unsigned int' to 'void *' of greater size
D:\School\March-27-P-Body-\SpriteLib3.0-ExampleProject\ExampleBaseScene.cpp(5070,39): warning C4312:  'type cast': conversion from 'unsigned int' to 'void *' of greater size
D:\School\March-27-P-Body-\SpriteLib3.0-ExampleProject\ExampleBaseScene.cpp(5115,39): warning C4312:  'type cast': conversion from 'unsigned int' to 'void *' of greater size
D:\School\March-27-P-Body-\SpriteLib3.0-ExampleProject\ExampleBaseScene.cpp(5155,39): warning C4312:  'type cast': conversion from 'unsigned int' to 'void *' of greater size
D:\School\March-27-P-Body-\SpriteLib3.0-ExampleProject\ExampleBaseScene.cpp(5195,39): warning C4312:  'type cast': conversion from 'unsigned int' to 'void *' of greater size
D:\School\March-27-P-Body-\SpriteLib3.0-ExampleProject\ExampleBaseScene.cpp(5235,39): warning C4312:  'type cast': conversion from 'unsigned int' to 'void *' of greater size
D:\School\March-27-P-Body-\SpriteLib3.0-ExampleProject\ExampleBaseScene.cpp(5275,39): warning C4312:  'type cast': conversion from 'unsigned int' to 'void *' of greater size
D:\School\March-27-P-Body-\SpriteLib3.0-ExampleProject\ExampleBaseScene.cpp(5315,39): warning C4312:  'type cast': conversion from 'unsigned int' to 'void *' of greater size
D:\School\March-27-P-Body-\SpriteLib3.0-ExampleProject\ExampleBaseScene.cpp(5355,39): warning C4312:  'type cast': conversion from 'unsigned int' to 'void *' of greater size
  imgui.cpp
  imgui_demo.cpp
  imgui_draw.cpp
  imgui_impl.cpp
  Generating Code...
  Compiling...
  imgui_widgets.cpp
  Input.cpp
  JSON.cpp
  main.cpp
  MainCharacter.cpp
  Matrix.cpp
  Menu.cpp
  MyContactListener.cpp
D:\School\March-27-P-Body-\SpriteLib3.0-ExampleProject\ExampleBaseScene.cpp(5529,9): warning C4553:  '==': result of expression not used; did you intend '='?
D:\School\March-27-P-Body-\SpriteLib3.0-ExampleProject\MyContactListener.cpp(17,59): warning C4311:  'type cast': pointer truncation from 'void *' to 'unsigned int'
D:\School\March-27-P-Body-\SpriteLib3.0-ExampleProject\MyContactListener.cpp(17,59): warning C4302:  'type cast': truncation from 'void *' to 'unsigned int'
D:\School\March-27-P-Body-\SpriteLib3.0-ExampleProject\MyContactListener.cpp(23,59): warning C4311:  'type cast': pointer truncation from 'void *' to 'unsigned int'
D:\School\March-27-P-Body-\SpriteLib3.0-ExampleProject\MyContactListener.cpp(23,59): warning C4302:  'type cast': truncation from 'void *' to 'unsigned int'
D:\School\March-27-P-Body-\SpriteLib3.0-ExampleProject\MyContactListener.cpp(48,59): warning C4311:  'type cast': pointer truncation from 'void *' to 'unsigned int'
D:\School\March-27-P-Body-\SpriteLib3.0-ExampleProject\MyContactListener.cpp(48,59): warning C4302:  'type cast': truncation from 'void *' to 'unsigned int'
D:\School\March-27-P-Body-\SpriteLib3.0-ExampleProject\MyContactListener.cpp(54,59): warning C4311:  'type cast': pointer truncation from 'void *' to 'unsigned int'
  PhysicsBody.cpp
  PhysicsSystem.cpp
  PixelateEffect.cpp
  PostEffect.cpp
  RenderingSystem.cpp
  Scene.cpp
  SceneEditor.cpp
  Selectable.cpp
  SelectiveColorEffect.cpp
  SepiaEffect.cpp
  Shader.cpp
  Sprite.cpp
  Generating Code...
  Compiling...
  Texture.cpp
  TextureManager.cpp
  Timer.cpp
  Transform.cpp
  UI.cpp
  Utilities.cpp
  Vector.cpp
D:\School\March-27-P-Body-\SpriteLib3.0-ExampleProject\MyContactListener.cpp(54,59): warning C4302:  'type cast': truncation from 'void *' to 'unsigned int'
D:\School\March-27-P-Body-\SpriteLib3.0-ExampleProject\Vector.cpp(4,1): warning C4273:  'vec2::vec2': inconsistent dll linkage
D:\School\March-27-P-Body-\SpriteLib3.0-ExampleProject\Vector.h(20,2): message :  see previous definition of '{ctor}'
D:\School\March-27-P-Body-\SpriteLib3.0-ExampleProject\Vector.cpp(8,1): warning C4273:  'vec2::vec2': inconsistent dll linkage
D:\School\March-27-P-Body-\SpriteLib3.0-ExampleProject\Vector.h(22,2): message :  see previous definition of '{ctor}'
D:\School\March-27-P-Body-\SpriteLib3.0-ExampleProject\Vector.cpp(15,1): warning C4273:  'vec2::vec2': inconsistent dll linkage
D:\School\March-27-P-Body-\SpriteLib3.0-ExampleProject\Vector.h(23,2): message :  see previous definition of '{ctor}'
D:\School\March-27-P-Body-\SpriteLib3.0-ExampleProject\Vector.cpp(21,1): warning C4273:  'vec2::Subtract': inconsistent dll linkage
D:\School\March-27-P-Body-\SpriteLib3.0-ExampleProject\Vector.h(31,7): message :  see previous definition of 'Subtract'
D:\School\March-27-P-Body-\SpriteLib3.0-ExampleProject\Vector.cpp(28,1): warning C4273:  'vec2::MultScalar': inconsistent dll linkage
D:\School\March-27-P-Body-\SpriteLib3.0-ExampleProject\Vector.h(32,7): message :  see previous definition of 'MultScalar'
D:\School\March-27-P-Body-\SpriteLib3.0-ExampleProject\Vector.cpp(35,1): warning C4273:  'vec2::DivScalar': inconsistent dll linkage
D:\School\March-27-P-Body-\SpriteLib3.0-ExampleProject\Vector.h(33,7): message :  see previous definition of 'DivScalar'
D:\School\March-27-P-Body-\SpriteLib3.0-ExampleProject\Vector.cpp(42,1): warning C4273:  'vec2::Dot': inconsistent dll linkage
D:\School\March-27-P-Body-\SpriteLib3.0-ExampleProject\Vector.h(35,8): message :  see previous definition of 'Dot'
D:\School\March-27-P-Body-\SpriteLib3.0-ExampleProject\Vector.cpp(48,1): warning C4273:  'vec2::GetMagnitude': inconsistent dll linkage
D:\School\March-27-P-Body-\SpriteLib3.0-ExampleProject\Vector.h(37,8): message :  see previous definition of 'GetMagnitude'
D:\School\March-27-P-Body-\SpriteLib3.0-ExampleProject\Vector.cpp(53,1): warning C4273:  'vec2::GetMagnitudeSquared': inconsistent dll linkage
D:\School\March-27-P-Body-\SpriteLib3.0-ExampleProject\Vector.h(38,8): message :  see previous definition of 'GetMagnitudeSquared'
D:\School\March-27-P-Body-\SpriteLib3.0-ExampleProject\Vector.cpp(62,1): warning C4273:  'vec2::Normalize': inconsistent dll linkage
D:\School\March-27-P-Body-\SpriteLib3.0-ExampleProject\Vector.h(39,7): message :  see previous definition of 'Normalize'
D:\School\March-27-P-Body-\SpriteLib3.0-ExampleProject\Vector.cpp(71,1): warning C4273:  'vec2::Project': inconsistent dll linkage
D:\School\March-27-P-Body-\SpriteLib3.0-ExampleProject\Vector.h(41,7): message :  see previous definition of 'Project'
D:\School\March-27-P-Body-\SpriteLib3.0-ExampleProject\Vector.cpp(88,1): warning C4273:  'vec2::operator []': inconsistent dll linkage
D:\School\March-27-P-Body-\SpriteLib3.0-ExampleProject\Vector.h(44,8): message :  see previous definition of '[]'
D:\School\March-27-P-Body-\SpriteLib3.0-ExampleProject\Vector.cpp(96,1): warning C4273:  'vec2::operator -': inconsistent dll linkage
D:\School\March-27-P-Body-\SpriteLib3.0-ExampleProject\Vector.h(45,7): message :  see previous definition of '-'
D:\School\March-27-P-Body-\SpriteLib3.0-ExampleProject\Vector.cpp(101,1): warning C4273:  'vec2::operator +': inconsistent dll linkage
D:\School\March-27-P-Body-\SpriteLib3.0-ExampleProject\Vector.h(46,7): message :  see previous definition of '+'
D:\School\March-27-P-Body-\SpriteLib3.0-ExampleProject\Vector.cpp(106,1): warning C4273:  'vec2::operator -': inconsistent dll linkage
D:\School\March-27-P-Body-\SpriteLib3.0-ExampleProject\Vector.h(47,7): message :  see previous definition of '-'
D:\School\March-27-P-Body-\SpriteLib3.0-ExampleProject\Vector.cpp(111,1): warning C4273:  'vec2::operator *': inconsistent dll linkage
D:\School\March-27-P-Body-\SpriteLib3.0-ExampleProject\Vector.h(49,7): message :  see previous definition of '*'
D:\School\March-27-P-Body-\SpriteLib3.0-ExampleProject\Vector.cpp(116,1): warning C4273:  'vec2::operator /': inconsistent dll linkage
  VertexManager.cpp
  VerticalScroll.cpp
  VignetteEffect.cpp
  Window.cpp
  XInput.cpp
  Generating Code...
D:\School\March-27-P-Body-\SpriteLib3.0-ExampleProject\Vector.h(50,7): message :  see previous definition of '/'
     Creating library D:\School\March-27-P-Body-\x64\Debug\SpriteLib3.0-ExampleProject.lib and object D:\School\March-27-P-Body-\x64\Debug\SpriteLib3.0-ExampleProject.exp
LINK : warning LNK4286: symbol '??0vec2@@QEAA@XZ (public: __cdecl vec2::vec2(void))' defined in 'Vector.obj' is imported by 'Matrix.obj'
LINK : warning LNK4286: symbol '??0vec2@@QEAA@XZ (public: __cdecl vec2::vec2(void))' defined in 'Vector.obj' is imported by 'PhysicsBody.obj'
LINK : warning LNK4286: symbol '??0vec2@@QEAA@XZ (public: __cdecl vec2::vec2(void))' defined in 'Vector.obj' is imported by 'Sprite.obj'
LINK : warning LNK4217: symbol '??0vec2@@QEAA@XZ (public: __cdecl vec2::vec2(void))' defined in 'Vector.obj' is imported by 'AnimationController.obj' in function '"public: __cdecl UVCoordinates::UVCoordinates(class vec2,class vec2)" (??0UVCoordinates@@QEAA@Vvec2@@0@Z)'
LINK : warning LNK4286: symbol '??0vec2@@QEAA@XZ (public: __cdecl vec2::vec2(void))' defined in 'Vector.obj' is imported by 'EffectManager.obj'
LINK : warning LNK4286: symbol '??0vec2@@QEAA@XZ (public: __cdecl vec2::vec2(void))' defined in 'Vector.obj' is imported by 'Game.obj'
LINK : warning LNK4286: symbol '??0vec2@@QEAA@XZ (public: __cdecl vec2::vec2(void))' defined in 'Vector.obj' is imported by 'ExampleBaseScene.obj'
LINK : warning LNK4286: symbol '??0vec2@@QEAA@MM@Z (public: __cdecl vec2::vec2(float,float))' defined in 'Vector.obj' is imported by 'Sprite.obj'
LINK : warning LNK4217: symbol '??0vec2@@QEAA@MM@Z (public: __cdecl vec2::vec2(float,float))' defined in 'Vector.obj' is imported by 'TextureManager.obj' in function '"void __cdecl std::_Seek_wrapped<class std::_Vector_iterator<class std::_Vector_val<struct std::_Simple_types<class std::basic_string<char,struct std::char_traits<char>,class std::allocator<char> > > > >,class std::basic_string<char,struct std::char_traits<char>,class std::allocator<char> > *>(class std::_Vector_iterator<class std::_Vector_val<struct std::_Simple_types<class std::basic_string<char,struct std::char_traits<char>,class std::allocator<char> > > > > &,class std::basic_string<char,struct std::char_traits<char>,class std::allocator<char> > * const &)" (??$_Seek_wrapped@V?$_Vector_iterator@V?$_Vector_val@U?$_Simple_types@V?$basic_string@DU?$char_traits@D@std@@V?$allocator@D@2@@std@@@std@@@std@@@std@@PEAV?$basic_string@DU?$char_traits@D@std@@V?$allocator@D@2@@2@@std@@YAXAEAV?$_Vector_iterator@V?$_Vector_val@U?$_Simple_types@V?$basic_string@DU?$char_traits@D@std@@V?$allocator@D@2@@std@@@std@@@std@@@0@AEBQEAV?$basic_string@DU?$char_traits@D@std@@V?$allocator@D@2@@0@@Z)'
LINK : warning LNK4286: symbol '??0vec2@@QEAA@MM@Z (public: __cdecl vec2::vec2(float,float))' defined in 'Vector.obj' is imported by 'Utilities.obj'
LINK : warning LNK4286: symbol '??0vec2@@QEAA@MM@Z (public: __cdecl vec2::vec2(float,float))' defined in 'Vector.obj' is imported by 'Menu.obj'
LINK : warning LNK4286: symbol '??0vec2@@QEAA@MM@Z (public: __cdecl vec2::vec2(float,float))' defined in 'Vector.obj' is imported by 'PhysicsBody.obj'
LINK : warning LNK4286: symbol '??0vec2@@QEAA@MM@Z (public: __cdecl vec2::vec2(float,float))' defined in 'Vector.obj' is imported by 'PixelateEffect.obj'
LINK : warning LNK4286: symbol '??0vec2@@QEAA@MM@Z (public: __cdecl vec2::vec2(float,float))' defined in 'Vector.obj' is imported by 'Scene.obj'
LINK : warning LNK4286: symbol '??0vec2@@QEAA@MM@Z (public: __cdecl vec2::vec2(float,float))' defined in 'Vector.obj' is imported by 'Game.obj'
LINK : warning LNK4286: symbol '??0vec2@@QEAA@MM@Z (public: __cdecl vec2::vec2(float,float))' defined in 'Vector.obj' is imported by 'GrainEffect.obj'
LINK : warning LNK4286: symbol '??0vec2@@QEAA@MM@Z (public: __cdecl vec2::vec2(float,float))' defined in 'Vector.obj' is imported by 'ExampleBaseScene.obj'
LINK : warning LNK4286: symbol '??0vec2@@QEAA@MM@Z (public: __cdecl vec2::vec2(float,float))' defined in 'Vector.obj' is imported by 'Matrix.obj'
LINK : warning LNK4217: symbol '??0vec2@@QEAA@MM@Z (public: __cdecl vec2::vec2(float,float))' defined in 'Vector.obj' is imported by 'AnimationController.obj' in function '"public: __cdecl UVCoordinates::UVCoordinates(class vec2,class vec2)" (??0UVCoordinates@@QEAA@Vvec2@@0@Z)'
LINK : warning LNK4286: symbol '??0vec2@@QEAA@MM@Z (public: __cdecl vec2::vec2(float,float))' defined in 'Vector.obj' is imported by 'BackEnd.obj'
LINK : warning LNK4286: symbol '??0vec2@@QEAA@MM@Z (public: __cdecl vec2::vec2(float,float))' defined in 'Vector.obj' is imported by 'BloomEffect.obj'
LINK : warning LNK4286: symbol '??0vec2@@QEAA@MM@Z (public: __cdecl vec2::vec2(float,float))' defined in 'Vector.obj' is imported by 'Camera.obj'
LINK : warning LNK4217: symbol '?Dot@vec2@@QEAAMV1@@Z (public: float __cdecl vec2::Dot(class vec2))' defined in 'Vector.obj' is imported by 'Matrix.obj' in function '"public: class mat2 __cdecl mat2::operator*(class mat2)" (??Dmat2@@QEAA?AV0@V0@@Z)'
LINK : warning LNK4217: symbol '??Hvec2@@QEAA?AV0@V0@@Z (public: class vec2 __cdecl vec2::operator+(class vec2))' defined in 'Vector.obj' is imported by 'Matrix.obj' in function '"public: class mat2 __cdecl mat2::operator+(class mat2)" (??Hmat2@@QEAA?AV0@V0@@Z)'
LINK : warning LNK4286: symbol '??Hvec2@@QEAA?AV0@V0@@Z (public: class vec2 __cdecl vec2::operator+(class vec2))' defined in 'Vector.obj' is imported by 'Utilities.obj'
LINK : warning LNK4217: symbol '??Gvec2@@QEAA?AV0@V0@@Z (public: class vec2 __cdecl vec2::operator-(class vec2))' defined in 'Vector.obj' is imported by 'Matrix.obj' in function '"public: class mat2 __cdecl mat2::operator-(class mat2)" (??Gmat2@@QEAA?AV0@V0@@Z)'
LINK : warning LNK4217: symbol '??Dvec2@@QEAA?AV0@M@Z (public: class vec2 __cdecl vec2::operator*(float))' defined in 'Vector.obj' is imported by 'Matrix.obj' in function '"public: class mat2 __cdecl mat2::operator*(float)" (??Dmat2@@QEAA?AV0@M@Z)'
SOIL_ext.lib(etc1_utils.obj) : warning LNK4099: PDB 'soil2-debug.pdb' was not found with 'SOIL_ext.lib(etc1_utils.obj)' or at 'D:\School\March-27-P-Body-\x64\Debug\soil2-debug.pdb'; linking object as if no debug info
SOIL_ext.lib(image_DXT.obj) : warning LNK4099: PDB 'soil2-debug.pdb' was not found with 'SOIL_ext.lib(image_DXT.obj)' or at 'D:\School\March-27-P-Body-\x64\Debug\soil2-debug.pdb'; linking object as if no debug info
SOIL_ext.lib(image_helper.obj) : warning LNK4099: PDB 'soil2-debug.pdb' was not found with 'SOIL_ext.lib(image_helper.obj)' or at 'D:\School\March-27-P-Body-\x64\Debug\soil2-debug.pdb'; linking object as if no debug info
SOIL_ext.lib(SOIL2.obj) : warning LNK4099: PDB 'soil2-debug.pdb' was not found with 'SOIL_ext.lib(SOIL2.obj)' or at 'D:\School\March-27-P-Body-\x64\Debug\soil2-debug.pdb'; linking object as if no debug info
Box2D.lib(b2ChainShape.obj) : warning LNK4099: PDB 'Box2D.pdb' was not found with 'Box2D.lib(b2ChainShape.obj)' or at 'D:\School\March-27-P-Body-\x64\Debug\Box2D.pdb'; linking object as if no debug info
Box2D.lib(b2CircleShape.obj) : warning LNK4099: PDB 'Box2D.pdb' was not found with 'Box2D.lib(b2CircleShape.obj)' or at 'D:\School\March-27-P-Body-\x64\Debug\Box2D.pdb'; linking object as if no debug info
Box2D.lib(b2EdgeShape.obj) : warning LNK4099: PDB 'Box2D.pdb' was not found with 'Box2D.lib(b2EdgeShape.obj)' or at 'D:\School\March-27-P-Body-\x64\Debug\Box2D.pdb'; linking object as if no debug info
Box2D.lib(b2PolygonShape.obj) : warning LNK4099: PDB 'Box2D.pdb' was not found with 'Box2D.lib(b2PolygonShape.obj)' or at 'D:\School\March-27-P-Body-\x64\Debug\Box2D.pdb'; linking object as if no debug info
Box2D.lib(b2BroadPhase.obj) : warning LNK4099: PDB 'Box2D.pdb' was not found with 'Box2D.lib(b2BroadPhase.obj)' or at 'D:\School\March-27-P-Body-\x64\Debug\Box2D.pdb'; linking object as if no debug info
Box2D.lib(b2CollideCircle.obj) : warning LNK4099: PDB 'Box2D.pdb' was not found with 'Box2D.lib(b2CollideCircle.obj)' or at 'D:\School\March-27-P-Body-\x64\Debug\Box2D.pdb'; linking object as if no debug info
Box2D.lib(b2CollideEdge.obj) : warning LNK4099: PDB 'Box2D.pdb' was not found with 'Box2D.lib(b2CollideEdge.obj)' or at 'D:\School\March-27-P-Body-\x64\Debug\Box2D.pdb'; linking object as if no debug info
Box2D.lib(b2CollidePolygon.obj) : warning LNK4099: PDB 'Box2D.pdb' was not found with 'Box2D.lib(b2CollidePolygon.obj)' or at 'D:\School\March-27-P-Body-\x64\Debug\Box2D.pdb'; linking object as if no debug info
Box2D.lib(b2Collision.obj) : warning LNK4099: PDB 'Box2D.pdb' was not found with 'Box2D.lib(b2Collision.obj)' or at 'D:\School\March-27-P-Body-\x64\Debug\Box2D.pdb'; linking object as if no debug info
Box2D.lib(b2Distance.obj) : warning LNK4099: PDB 'Box2D.pdb' was not found with 'Box2D.lib(b2Distance.obj)' or at 'D:\School\March-27-P-Body-\x64\Debug\Box2D.pdb'; linking object as if no debug info
Box2D.lib(b2DynamicTree.obj) : warning LNK4099: PDB 'Box2D.pdb' was not found with 'Box2D.lib(b2DynamicTree.obj)' or at 'D:\School\March-27-P-Body-\x64\Debug\Box2D.pdb'; linking object as if no debug info
Box2D.lib(b2TimeOfImpact.obj) : warning LNK4099: PDB 'Box2D.pdb' was not found with 'Box2D.lib(b2TimeOfImpact.obj)' or at 'D:\School\March-27-P-Body-\x64\Debug\Box2D.pdb'; linking object as if no debug info
Box2D.lib(b2BlockAllocator.obj) : warning LNK4099: PDB 'Box2D.pdb' was not found with 'Box2D.lib(b2BlockAllocator.obj)' or at 'D:\School\March-27-P-Body-\x64\Debug\Box2D.pdb'; linking object as if no debug info
Box2D.lib(b2Draw.obj) : warning LNK4099: PDB 'Box2D.pdb' was not found with 'Box2D.lib(b2Draw.obj)' or at 'D:\School\March-27-P-Body-\x64\Debug\Box2D.pdb'; linking object as if no debug info
Box2D.lib(b2Math.obj) : warning LNK4099: PDB 'Box2D.pdb' was not found with 'Box2D.lib(b2Math.obj)' or at 'D:\School\March-27-P-Body-\x64\Debug\Box2D.pdb'; linking object as if no debug info
Box2D.lib(b2Settings.obj) : warning LNK4099: PDB 'Box2D.pdb' was not found with 'Box2D.lib(b2Settings.obj)' or at 'D:\School\March-27-P-Body-\x64\Debug\Box2D.pdb'; linking object as if no debug info
Box2D.lib(b2StackAllocator.obj) : warning LNK4099: PDB 'Box2D.pdb' was not found with 'Box2D.lib(b2StackAllocator.obj)' or at 'D:\School\March-27-P-Body-\x64\Debug\Box2D.pdb'; linking object as if no debug info
Box2D.lib(b2Timer.obj) : warning LNK4099: PDB 'Box2D.pdb' was not found with 'Box2D.lib(b2Timer.obj)' or at 'D:\School\March-27-P-Body-\x64\Debug\Box2D.pdb'; linking object as if no debug info
Box2D.lib(b2ChainAndCircleContact.obj) : warning LNK4099: PDB 'Box2D.pdb' was not found with 'Box2D.lib(b2ChainAndCircleContact.obj)' or at 'D:\School\March-27-P-Body-\x64\Debug\Box2D.pdb'; linking object as if no debug info
Box2D.lib(b2ChainAndPolygonContact.obj) : warning LNK4099: PDB 'Box2D.pdb' was not found with 'Box2D.lib(b2ChainAndPolygonContact.obj)' or at 'D:\School\March-27-P-Body-\x64\Debug\Box2D.pdb'; linking object as if no debug info
Box2D.lib(b2CircleContact.obj) : warning LNK4099: PDB 'Box2D.pdb' was not found with 'Box2D.lib(b2CircleContact.obj)' or at 'D:\School\March-27-P-Body-\x64\Debug\Box2D.pdb'; linking object as if no debug info
Box2D.lib(b2Contact.obj) : warning LNK4099: PDB 'Box2D.pdb' was not found with 'Box2D.lib(b2Contact.obj)' or at 'D:\School\March-27-P-Body-\x64\Debug\Box2D.pdb'; linking object as if no debug info
Box2D.lib(b2ContactSolver.obj) : warning LNK4099: PDB 'Box2D.pdb' was not found with 'Box2D.lib(b2ContactSolver.obj)' or at 'D:\School\March-27-P-Body-\x64\Debug\Box2D.pdb'; linking object as if no debug info
Box2D.lib(b2EdgeAndCircleContact.obj) : warning LNK4099: PDB 'Box2D.pdb' was not found with 'Box2D.lib(b2EdgeAndCircleContact.obj)' or at 'D:\School\March-27-P-Body-\x64\Debug\Box2D.pdb'; linking object as if no debug info
Box2D.lib(b2EdgeAndPolygonContact.obj) : warning LNK4099: PDB 'Box2D.pdb' was not found with 'Box2D.lib(b2EdgeAndPolygonContact.obj)' or at 'D:\School\March-27-P-Body-\x64\Debug\Box2D.pdb'; linking object as if no debug info
Box2D.lib(b2PolygonAndCircleContact.obj) : warning LNK4099: PDB 'Box2D.pdb' was not found with 'Box2D.lib(b2PolygonAndCircleContact.obj)' or at 'D:\School\March-27-P-Body-\x64\Debug\Box2D.pdb'; linking object as if no debug info
Box2D.lib(b2PolygonContact.obj) : warning LNK4099: PDB 'Box2D.pdb' was not found with 'Box2D.lib(b2PolygonContact.obj)' or at 'D:\School\March-27-P-Body-\x64\Debug\Box2D.pdb'; linking object as if no debug info
Box2D.lib(b2DistanceJoint.obj) : warning LNK4099: PDB 'Box2D.pdb' was not found with 'Box2D.lib(b2DistanceJoint.obj)' or at 'D:\School\March-27-P-Body-\x64\Debug\Box2D.pdb'; linking object as if no debug info
Box2D.lib(b2FrictionJoint.obj) : warning LNK4099: PDB 'Box2D.pdb' was not found with 'Box2D.lib(b2FrictionJoint.obj)' or at 'D:\School\March-27-P-Body-\x64\Debug\Box2D.pdb'; linking object as if no debug info
Box2D.lib(b2GearJoint.obj) : warning LNK4099: PDB 'Box2D.pdb' was not found with 'Box2D.lib(b2GearJoint.obj)' or at 'D:\School\March-27-P-Body-\x64\Debug\Box2D.pdb'; linking object as if no debug info
Box2D.lib(b2Joint.obj) : warning LNK4099: PDB 'Box2D.pdb' was not found with 'Box2D.lib(b2Joint.obj)' or at 'D:\School\March-27-P-Body-\x64\Debug\Box2D.pdb'; linking object as if no debug info
Box2D.lib(b2MotorJoint.obj) : warning LNK4099: PDB 'Box2D.pdb' was not found with 'Box2D.lib(b2MotorJoint.obj)' or at 'D:\School\March-27-P-Body-\x64\Debug\Box2D.pdb'; linking object as if no debug info
Box2D.lib(b2MouseJoint.obj) : warning LNK4099: PDB 'Box2D.pdb' was not found with 'Box2D.lib(b2MouseJoint.obj)' or at 'D:\School\March-27-P-Body-\x64\Debug\Box2D.pdb'; linking object as if no debug info
Box2D.lib(b2PrismaticJoint.obj) : warning LNK4099: PDB 'Box2D.pdb' was not found with 'Box2D.lib(b2PrismaticJoint.obj)' or at 'D:\School\March-27-P-Body-\x64\Debug\Box2D.pdb'; linking object as if no debug info
Box2D.lib(b2PulleyJoint.obj) : warning LNK4099: PDB 'Box2D.pdb' was not found with 'Box2D.lib(b2PulleyJoint.obj)' or at 'D:\School\March-27-P-Body-\x64\Debug\Box2D.pdb'; linking object as if no debug info
Box2D.lib(b2RevoluteJoint.obj) : warning LNK4099: PDB 'Box2D.pdb' was not found with 'Box2D.lib(b2RevoluteJoint.obj)' or at 'D:\School\March-27-P-Body-\x64\Debug\Box2D.pdb'; linking object as if no debug info
Box2D.lib(b2RopeJoint.obj) : warning LNK4099: PDB 'Box2D.pdb' was not found with 'Box2D.lib(b2RopeJoint.obj)' or at 'D:\School\March-27-P-Body-\x64\Debug\Box2D.pdb'; linking object as if no debug info
Box2D.lib(b2WeldJoint.obj) : warning LNK4099: PDB 'Box2D.pdb' was not found with 'Box2D.lib(b2WeldJoint.obj)' or at 'D:\School\March-27-P-Body-\x64\Debug\Box2D.pdb'; linking object as if no debug info
Box2D.lib(b2WheelJoint.obj) : warning LNK4099: PDB 'Box2D.pdb' was not found with 'Box2D.lib(b2WheelJoint.obj)' or at 'D:\School\March-27-P-Body-\x64\Debug\Box2D.pdb'; linking object as if no debug info
Box2D.lib(b2Body.obj) : warning LNK4099: PDB 'Box2D.pdb' was not found with 'Box2D.lib(b2Body.obj)' or at 'D:\School\March-27-P-Body-\x64\Debug\Box2D.pdb'; linking object as if no debug info
Box2D.lib(b2ContactManager.obj) : warning LNK4099: PDB 'Box2D.pdb' was not found with 'Box2D.lib(b2ContactManager.obj)' or at 'D:\School\March-27-P-Body-\x64\Debug\Box2D.pdb'; linking object as if no debug info
Box2D.lib(b2Fixture.obj) : warning LNK4099: PDB 'Box2D.pdb' was not found with 'Box2D.lib(b2Fixture.obj)' or at 'D:\School\March-27-P-Body-\x64\Debug\Box2D.pdb'; linking object as if no debug info
Box2D.lib(b2Island.obj) : warning LNK4099: PDB 'Box2D.pdb' was not found with 'Box2D.lib(b2Island.obj)' or at 'D:\School\March-27-P-Body-\x64\Debug\Box2D.pdb'; linking object as if no debug info
Box2D.lib(b2World.obj) : warning LNK4099: PDB 'Box2D.pdb' was not found with 'Box2D.lib(b2World.obj)' or at 'D:\School\March-27-P-Body-\x64\Debug\Box2D.pdb'; linking object as if no debug info
Box2D.lib(b2WorldCallbacks.obj) : warning LNK4099: PDB 'Box2D.pdb' was not found with 'Box2D.lib(b2WorldCallbacks.obj)' or at 'D:\School\March-27-P-Body-\x64\Debug\Box2D.pdb'; linking object as if no debug info
  SpriteLib3.0-ExampleProject.vcxproj -> D:\School\March-27-P-Body-\x64\Debug\SpriteLib3.0-ExampleProject.exe
